# JRE version: Java(TM) SE Runtime Environment (17.0.11+7) (build 17.0.11+7-LTS-207)
# Java VM: Java HotSpot(TM) 64-Bit Server VM (17.0.11+7-LTS-207, mixed mode, sharing, tiered, compressed oops, compressed class ptrs, g1 gc, windows-amd64)
GC Precious Log:
 CPUs: 4 total, 4 available
 Memory: 4003M
 Large Page Support: Disabled
 NUMA Support: Disabled
 Compressed Oops: Enabled (32-bit)
 Heap Region Size: 1M
 Heap Min Capacity: 8M
 Heap Initial Capacity: 64M
 Heap Max Capacity: 1002M
 Pre-touch: Disabled
 Parallel Workers: 4
 Concurrent Workers: 1
 Concurrent Refinement Workers: 4
 Periodic GC: Disabled
Heap:
 garbage-first heap   total 84992K, used 45595K [0x00000000c1600000, 0x0000000100000000)
  region size 1024K, 13 young (13312K), 5 survivors (5120K)
 Metaspace       used 83081K, committed 83712K, reserved 1179648K
  class space    used 11540K, committed 11840K, reserved 1048576K
GC Heap History (20 events):
Event: 19.166 GC heap before
{Heap before GC invocations=14 (full 0):
 garbage-first heap   total 58368K, used 45128K [0x00000000c1600000, 0x0000000100000000)
  region size 1024K, 22 young (22528K), 3 survivors (3072K)
 Metaspace       used 53002K, committed 53440K, reserved 1114112K
  class space    used 6994K, committed 7168K, reserved 1048576K
}
Event: 19.179 GC heap after
{Heap after GC invocations=15 (full 0):
 garbage-first heap   total 58368K, used 27330K [0x00000000c1600000, 0x0000000100000000)
  region size 1024K, 2 young (2048K), 2 survivors (2048K)
 Metaspace       used 53002K, committed 53440K, reserved 1114112K
  class space    used 6994K, committed 7168K, reserved 1048576K
}
Event: 19.853 GC heap before
{Heap before GC invocations=15 (full 0):
 garbage-first heap   total 58368K, used 44738K [0x00000000c1600000, 0x0000000100000000)
  region size 1024K, 20 young (20480K), 2 survivors (2048K)
 Metaspace       used 57037K, committed 57472K, reserved 1114112K
  class space    used 7574K, committed 7744K, reserved 1048576K
}
Event: 19.864 GC heap after
{Heap after GC invocations=16 (full 0):
 garbage-first heap   total 70656K, used 27767K [0x00000000c1600000, 0x0000000100000000)
  region size 1024K, 2 young (2048K), 2 survivors (2048K)
 Metaspace       used 57037K, committed 57472K, reserved 1114112K
  class space    used 7574K, committed 7744K, reserved 1048576K
}
Event: 20.913 GC heap before
{Heap before GC invocations=17 (full 0):
 garbage-first heap   total 70656K, used 56439K [0x00000000c1600000, 0x0000000100000000)
  region size 1024K, 30 young (30720K), 2 survivors (2048K)
 Metaspace       used 61443K, committed 61952K, reserved 1114112K
  class space    used 8309K, committed 8512K, reserved 1048576K
}
Event: 20.923 GC heap after
{Heap after GC invocations=18 (full 0):
 garbage-first heap   total 70656K, used 28530K [0x00000000c1600000, 0x0000000100000000)
  region size 1024K, 3 young (3072K), 3 survivors (3072K)
 Metaspace       used 61443K, committed 61952K, reserved 1114112K
  class space    used 8309K, committed 8512K, reserved 1048576K
}
Event: 22.221 GC heap before
{Heap before GC invocations=18 (full 0):
 garbage-first heap   total 70656K, used 57202K [0x00000000c1600000, 0x0000000100000000)
  region size 1024K, 31 young (31744K), 3 survivors (3072K)
 Metaspace       used 67163K, committed 67648K, reserved 1114112K
  class space    used 9076K, committed 9280K, reserved 1048576K
}
Event: 22.235 GC heap after
{Heap after GC invocations=19 (full 0):
 garbage-first heap   total 70656K, used 30194K [0x00000000c1600000, 0x0000000100000000)
  region size 1024K, 4 young (4096K), 4 survivors (4096K)
 Metaspace       used 67163K, committed 67648K, reserved 1114112K
  class space    used 9076K, committed 9280K, reserved 1048576K
}
Event: 23.035 GC heap before
{Heap before GC invocations=19 (full 0):
 garbage-first heap   total 70656K, used 56818K [0x00000000c1600000, 0x0000000100000000)
  region size 1024K, 30 young (30720K), 4 survivors (4096K)
 Metaspace       used 70979K, committed 71552K, reserved 1114112K
  class space    used 9784K, committed 10048K, reserved 1048576K
}
Event: 23.054 GC heap after
{Heap after GC invocations=20 (full 0):
 garbage-first heap   total 70656K, used 31972K [0x00000000c1600000, 0x0000000100000000)
  region size 1024K, 4 young (4096K), 4 survivors (4096K)
 Metaspace       used 70979K, committed 71552K, reserved 1114112K
  class space    used 9784K, committed 10048K, reserved 1048576K
}
Event: 23.505 GC heap before
{Heap before GC invocations=20 (full 0):
 garbage-first heap   total 70656K, used 56548K [0x00000000c1600000, 0x0000000100000000)
  region size 1024K, 29 young (29696K), 4 survivors (4096K)
 Metaspace       used 72791K, committed 73344K, reserved 1114112K
  class space    used 10169K, committed 10432K, reserved 1048576K
}
Event: 23.521 GC heap after
{Heap after GC invocations=21 (full 0):
 garbage-first heap   total 70656K, used 33482K [0x00000000c1600000, 0x0000000100000000)
  region size 1024K, 4 young (4096K), 4 survivors (4096K)
 Metaspace       used 72791K, committed 73344K, reserved 1114112K
  class space    used 10169K, committed 10432K, reserved 1048576K
}
Event: 23.969 GC heap before
{Heap before GC invocations=21 (full 0):
 garbage-first heap   total 70656K, used 56010K [0x00000000c1600000, 0x0000000100000000)
  region size 1024K, 27 young (27648K), 4 survivors (4096K)
 Metaspace       used 74694K, committed 75328K, reserved 1114112K
  class space    used 10407K, committed 10688K, reserved 1048576K
}
Event: 23.982 GC heap after
{Heap after GC invocations=22 (full 0):
 garbage-first heap   total 70656K, used 34054K [0x00000000c1600000, 0x0000000100000000)
  region size 1024K, 2 young (2048K), 2 survivors (2048K)
 Metaspace       used 74694K, committed 75328K, reserved 1114112K
  class space    used 10407K, committed 10688K, reserved 1048576K
}
Event: 24.774 GC heap before
{Heap before GC invocations=22 (full 0):
 garbage-first heap   total 70656K, used 58630K [0x00000000c1600000, 0x0000000100000000)
  region size 1024K, 26 young (26624K), 2 survivors (2048K)
 Metaspace       used 76179K, committed 76864K, reserved 1179648K
  class space    used 10572K, committed 10880K, reserved 1048576K
}
Event: 24.782 GC heap after
{Heap after GC invocations=23 (full 0):
 garbage-first heap   total 84992K, used 35386K [0x00000000c1600000, 0x0000000100000000)
  region size 1024K, 4 young (4096K), 4 survivors (4096K)
 Metaspace       used 76179K, committed 76864K, reserved 1179648K
  class space    used 10572K, committed 10880K, reserved 1048576K
}
Event: 25.764 GC heap before
{Heap before GC invocations=24 (full 0):
 garbage-first heap   total 84992K, used 68154K [0x00000000c1600000, 0x0000000100000000)
  region size 1024K, 36 young (36864K), 4 survivors (4096K)
 Metaspace       used 78394K, committed 78976K, reserved 1179648K
  class space    used 10903K, committed 11200K, reserved 1048576K
}
Event: 25.774 GC heap after
{Heap after GC invocations=25 (full 0):
 garbage-first heap   total 84992K, used 37580K [0x00000000c1600000, 0x0000000100000000)
  region size 1024K, 5 young (5120K), 5 survivors (5120K)
 Metaspace       used 78394K, committed 78976K, reserved 1179648K
  class space    used 10903K, committed 11200K, reserved 1048576K
}
Event: 102.017 GC heap before
{Heap before GC invocations=25 (full 0):
 garbage-first heap   total 84992K, used 68300K [0x00000000c1600000, 0x0000000100000000)
  region size 1024K, 35 young (35840K), 5 survivors (5120K)
 Metaspace       used 81150K, committed 81792K, reserved 1179648K
  class space    used 11282K, committed 11584K, reserved 1048576K
}
Event: 102.097 GC heap after
{Heap after GC invocations=26 (full 0):
 garbage-first heap   total 84992K, used 39451K [0x00000000c1600000, 0x0000000100000000)
  region size 1024K, 5 young (5120K), 5 survivors (5120K)
 Metaspace       used 81150K, committed 81792K, reserved 1179648K
  class space    used 11282K, committed 11584K, reserved 1048576K
}

