# JRE version: Java(TM) SE Runtime Environment (17.0.11+7) (build 17.0.11+7-LTS-207)
# Java VM: Java HotSpot(TM) 64-Bit Server VM (17.0.11+7-LTS-207, mixed mode, sharing, tiered, compressed oops, compressed class ptrs, g1 gc, windows-amd64)
GC Precious Log:
 CPUs: 4 total, 4 available
 Memory: 4003M
 Large Page Support: Disabled
 NUMA Support: Disabled
 Compressed Oops: Enabled (32-bit)
 Heap Region Size: 1M
 Heap Min Capacity: 8M
 Heap Initial Capacity: 64M
 Heap Max Capacity: 1002M
 Pre-touch: Disabled
 Parallel Workers: 4
 Concurrent Workers: 1
 Concurrent Refinement Workers: 4
 Periodic GC: Disabled
Heap:
 garbage-first heap   total 58368K, used 44795K [0x00000000c1600000, 0x0000000100000000)
  region size 1024K, 20 young (20480K), 3 survivors (3072K)
 Metaspace       used 68537K, committed 69120K, reserved 1114112K
  class space    used 9332K, committed 9600K, reserved 1048576K
GC Heap History (20 events):
Event: 16.202 GC heap before
{Heap before GC invocations=8 (full 0):
 garbage-first heap   total 58368K, used 43316K [0x00000000c1600000, 0x0000000100000000)
  region size 1024K, 28 young (28672K), 3 survivors (3072K)
 Metaspace       used 29584K, committed 30016K, reserved 1114112K
  class space    used 3876K, committed 4096K, reserved 1048576K
}
Event: 16.218 GC heap after
{Heap after GC invocations=9 (full 0):
 garbage-first heap   total 58368K, used 19699K [0x00000000c1600000, 0x0000000100000000)
  region size 1024K, 3 young (3072K), 3 survivors (3072K)
 Metaspace       used 29584K, committed 30016K, reserved 1114112K
  class space    used 3876K, committed 4096K, reserved 1048576K
}
Event: 21.293 GC heap before
{Heap before GC invocations=9 (full 0):
 garbage-first heap   total 58368K, used 43251K [0x00000000c1600000, 0x0000000100000000)
  region size 1024K, 26 young (26624K), 3 survivors (3072K)
 Metaspace       used 33683K, committed 34112K, reserved 1114112K
  class space    used 4395K, committed 4608K, reserved 1048576K
}
Event: 21.309 GC heap after
{Heap after GC invocations=10 (full 0):
 garbage-first heap   total 58368K, used 21512K [0x00000000c1600000, 0x0000000100000000)
  region size 1024K, 4 young (4096K), 4 survivors (4096K)
 Metaspace       used 33683K, committed 34112K, reserved 1114112K
  class space    used 4395K, committed 4608K, reserved 1048576K
}
Event: 23.041 GC heap before
{Heap before GC invocations=10 (full 0):
 garbage-first heap   total 58368K, used 35848K [0x00000000c1600000, 0x0000000100000000)
  region size 1024K, 19 young (19456K), 4 survivors (4096K)
 Metaspace       used 35516K, committed 35968K, reserved 1114112K
  class space    used 4631K, committed 4864K, reserved 1048576K
}
Event: 23.059 GC heap after
{Heap after GC invocations=11 (full 0):
 garbage-first heap   total 58368K, used 22105K [0x00000000c1600000, 0x0000000100000000)
  region size 1024K, 3 young (3072K), 3 survivors (3072K)
 Metaspace       used 35516K, committed 35968K, reserved 1114112K
  class space    used 4631K, committed 4864K, reserved 1048576K
}
Event: 25.424 GC heap before
{Heap before GC invocations=12 (full 0):
 garbage-first heap   total 58368K, used 44633K [0x00000000c1600000, 0x0000000100000000)
  region size 1024K, 26 young (26624K), 3 survivors (3072K)
 Metaspace       used 40253K, committed 40768K, reserved 1114112K
  class space    used 5450K, committed 5696K, reserved 1048576K
}
Event: 25.439 GC heap after
{Heap after GC invocations=13 (full 0):
 garbage-first heap   total 58368K, used 23229K [0x00000000c1600000, 0x0000000100000000)
  region size 1024K, 2 young (2048K), 2 survivors (2048K)
 Metaspace       used 40253K, committed 40768K, reserved 1114112K
  class space    used 5450K, committed 5696K, reserved 1048576K
}
Event: 27.715 GC heap before
{Heap before GC invocations=13 (full 0):
 garbage-first heap   total 58368K, used 45757K [0x00000000c1600000, 0x0000000100000000)
  region size 1024K, 24 young (24576K), 2 survivors (2048K)
 Metaspace       used 49466K, committed 49984K, reserved 1114112K
  class space    used 6551K, committed 6784K, reserved 1048576K
}
Event: 27.733 GC heap after
{Heap after GC invocations=14 (full 0):
 garbage-first heap   total 58368K, used 25545K [0x00000000c1600000, 0x0000000100000000)
  region size 1024K, 3 young (3072K), 3 survivors (3072K)
 Metaspace       used 49466K, committed 49984K, reserved 1114112K
  class space    used 6551K, committed 6784K, reserved 1048576K
}
Event: 29.936 GC heap before
{Heap before GC invocations=14 (full 0):
 garbage-first heap   total 58368K, used 46025K [0x00000000c1600000, 0x0000000100000000)
  region size 1024K, 23 young (23552K), 3 survivors (3072K)
 Metaspace       used 53058K, committed 53568K, reserved 1114112K
  class space    used 6995K, committed 7232K, reserved 1048576K
}
Event: 29.951 GC heap after
{Heap after GC invocations=15 (full 0):
 garbage-first heap   total 58368K, used 27129K [0x00000000c1600000, 0x0000000100000000)
  region size 1024K, 2 young (2048K), 2 survivors (2048K)
 Metaspace       used 53058K, committed 53568K, reserved 1114112K
  class space    used 6995K, committed 7232K, reserved 1048576K
}
Event: 31.733 GC heap before
{Heap before GC invocations=15 (full 0):
 garbage-first heap   total 58368K, used 46585K [0x00000000c1600000, 0x0000000100000000)
  region size 1024K, 21 young (21504K), 2 survivors (2048K)
 Metaspace       used 57636K, committed 58048K, reserved 1114112K
  class space    used 7681K, committed 7872K, reserved 1048576K
}
Event: 31.742 GC heap after
{Heap after GC invocations=16 (full 0):
 garbage-first heap   total 58368K, used 27593K [0x00000000c1600000, 0x0000000100000000)
  region size 1024K, 2 young (2048K), 2 survivors (2048K)
 Metaspace       used 57636K, committed 58048K, reserved 1114112K
  class space    used 7681K, committed 7872K, reserved 1048576K
}
Event: 32.470 GC heap before
{Heap before GC invocations=16 (full 0):
 garbage-first heap   total 58368K, used 34761K [0x00000000c1600000, 0x0000000100000000)
  region size 1024K, 10 young (10240K), 2 survivors (2048K)
 Metaspace       used 59708K, committed 60096K, reserved 1114112K
  class space    used 8013K, committed 8192K, reserved 1048576K
}
Event: 32.481 GC heap after
{Heap after GC invocations=17 (full 0):
 garbage-first heap   total 58368K, used 27962K [0x00000000c1600000, 0x0000000100000000)
  region size 1024K, 2 young (2048K), 2 survivors (2048K)
 Metaspace       used 59708K, committed 60096K, reserved 1114112K
  class space    used 8013K, committed 8192K, reserved 1048576K
}
Event: 33.924 GC heap before
{Heap before GC invocations=18 (full 0):
 garbage-first heap   total 58368K, used 46394K [0x00000000c1600000, 0x0000000100000000)
  region size 1024K, 20 young (20480K), 2 survivors (2048K)
 Metaspace       used 61344K, committed 61824K, reserved 1114112K
  class space    used 8299K, committed 8512K, reserved 1048576K
}
Event: 33.932 GC heap after
{Heap after GC invocations=19 (full 0):
 garbage-first heap   total 58368K, used 28137K [0x00000000c1600000, 0x0000000100000000)
  region size 1024K, 2 young (2048K), 2 survivors (2048K)
 Metaspace       used 61344K, committed 61824K, reserved 1114112K
  class space    used 8299K, committed 8512K, reserved 1048576K
}
Event: 36.367 GC heap before
{Heap before GC invocations=19 (full 0):
 garbage-first heap   total 58368K, used 47593K [0x00000000c1600000, 0x0000000100000000)
  region size 1024K, 21 young (21504K), 2 survivors (2048K)
 Metaspace       used 65475K, committed 65984K, reserved 1114112K
  class space    used 8883K, committed 9088K, reserved 1048576K
}
Event: 36.379 GC heap after
{Heap after GC invocations=20 (full 0):
 garbage-first heap   total 58368K, used 29435K [0x00000000c1600000, 0x0000000100000000)
  region size 1024K, 3 young (3072K), 3 survivors (3072K)
 Metaspace       used 65475K, committed 65984K, reserved 1114112K
  class space    used 8883K, committed 9088K, reserved 1048576K
}

