# JRE version: Java(TM) SE Runtime Environment (17.0.11+7) (build 17.0.11+7-LTS-207)
# Java VM: Java HotSpot(TM) 64-Bit Server VM (17.0.11+7-LTS-207, mixed mode, sharing, tiered, compressed oops, compressed class ptrs, g1 gc, windows-amd64)
GC Precious Log:
 CPUs: 4 total, 4 available
 Memory: 4003M
 Large Page Support: Disabled
 NUMA Support: Disabled
 Compressed Oops: Enabled (32-bit)
 Heap Region Size: 1M
 Heap Min Capacity: 8M
 Heap Initial Capacity: 64M
 Heap Max Capacity: 1002M
 Pre-touch: Disabled
 Parallel Workers: 4
 Concurrent Workers: 1
 Concurrent Refinement Workers: 4
 Periodic GC: Disabled
Heap:
 garbage-first heap   total 70656K, used 38080K [0x00000000c1600000, 0x0000000100000000)
  region size 1024K, 2 young (2048K), 2 survivors (2048K)
 Metaspace       used 77823K, committed 78400K, reserved 1179648K
  class space    used 10812K, committed 11072K, reserved 1048576K
GC Heap History (20 events):
Event: 26.788 GC heap after
{Heap after GC invocations=18 (full 0):
 garbage-first heap   total 58368K, used 28235K [0x00000000c1600000, 0x0000000100000000)
  region size 1024K, 2 young (2048K), 2 survivors (2048K)
 Metaspace       used 60831K, committed 61376K, reserved 1114112K
  class space    used 8243K, committed 8512K, reserved 1048576K
}
Event: 27.887 GC heap before
{Heap before GC invocations=18 (full 0):
 garbage-first heap   total 58368K, used 46667K [0x00000000c1600000, 0x0000000100000000)
  region size 1024K, 20 young (20480K), 2 survivors (2048K)
 Metaspace       used 63039K, committed 63616K, reserved 1114112K
  class space    used 8530K, committed 8832K, reserved 1048576K
}
Event: 27.897 GC heap after
{Heap after GC invocations=19 (full 0):
 garbage-first heap   total 58368K, used 28696K [0x00000000c1600000, 0x0000000100000000)
  region size 1024K, 2 young (2048K), 2 survivors (2048K)
 Metaspace       used 63039K, committed 63616K, reserved 1114112K
  class space    used 8530K, committed 8832K, reserved 1048576K
}
Event: 30.763 GC heap before
{Heap before GC invocations=20 (full 0):
 garbage-first heap   total 58368K, used 48152K [0x00000000c1600000, 0x0000000100000000)
  region size 1024K, 21 young (21504K), 2 survivors (2048K)
 Metaspace       used 66455K, committed 67008K, reserved 1114112K
  class space    used 8990K, committed 9280K, reserved 1048576K
}
Event: 30.778 GC heap after
{Heap after GC invocations=21 (full 0):
 garbage-first heap   total 58368K, used 29947K [0x00000000c1600000, 0x0000000100000000)
  region size 1024K, 3 young (3072K), 3 survivors (3072K)
 Metaspace       used 66455K, committed 67008K, reserved 1114112K
  class space    used 8990K, committed 9280K, reserved 1048576K
}
Event: 32.052 GC heap before
{Heap before GC invocations=21 (full 0):
 garbage-first heap   total 58368K, used 46331K [0x00000000c1600000, 0x0000000100000000)
  region size 1024K, 20 young (20480K), 3 survivors (3072K)
 Metaspace       used 69436K, committed 70016K, reserved 1114112K
  class space    used 9446K, committed 9728K, reserved 1048576K
}
Event: 32.067 GC heap after
{Heap after GC invocations=22 (full 0):
 garbage-first heap   total 58368K, used 31004K [0x00000000c1600000, 0x0000000100000000)
  region size 1024K, 3 young (3072K), 3 survivors (3072K)
 Metaspace       used 69436K, committed 70016K, reserved 1114112K
  class space    used 9446K, committed 9728K, reserved 1048576K
}
Event: 32.605 GC heap before
{Heap before GC invocations=23 (full 0):
 garbage-first heap   total 58368K, used 47388K [0x00000000c1600000, 0x0000000100000000)
  region size 1024K, 19 young (19456K), 3 survivors (3072K)
 Metaspace       used 70776K, committed 71296K, reserved 1114112K
  class space    used 9784K, committed 10048K, reserved 1048576K
}
Event: 32.618 GC heap after
{Heap after GC invocations=24 (full 0):
 garbage-first heap   total 58368K, used 32040K [0x00000000c1600000, 0x0000000100000000)
  region size 1024K, 3 young (3072K), 3 survivors (3072K)
 Metaspace       used 70776K, committed 71296K, reserved 1114112K
  class space    used 9784K, committed 10048K, reserved 1048576K
}
Event: 33.306 GC heap before
{Heap before GC invocations=24 (full 0):
 garbage-first heap   total 58368K, used 46376K [0x00000000c1600000, 0x0000000100000000)
  region size 1024K, 18 young (18432K), 3 survivors (3072K)
 Metaspace       used 72553K, committed 73152K, reserved 1114112K
  class space    used 10165K, committed 10432K, reserved 1048576K
}
Event: 33.324 GC heap after
{Heap after GC invocations=25 (full 0):
 garbage-first heap   total 58368K, used 34514K [0x00000000c1600000, 0x0000000100000000)
  region size 1024K, 3 young (3072K), 3 survivors (3072K)
 Metaspace       used 72553K, committed 73152K, reserved 1114112K
  class space    used 10165K, committed 10432K, reserved 1048576K
}
Event: 33.634 GC heap before
{Heap before GC invocations=26 (full 0):
 garbage-first heap   total 70656K, used 46802K [0x00000000c1600000, 0x0000000100000000)
  region size 1024K, 15 young (15360K), 3 survivors (3072K)
 Metaspace       used 72556K, committed 73152K, reserved 1114112K
  class space    used 10165K, committed 10432K, reserved 1048576K
}
Event: 33.645 GC heap after
{Heap after GC invocations=27 (full 0):
 garbage-first heap   total 70656K, used 35081K [0x00000000c1600000, 0x0000000100000000)
  region size 1024K, 1 young (1024K), 1 survivors (1024K)
 Metaspace       used 72556K, committed 73152K, reserved 1114112K
  class space    used 10165K, committed 10432K, reserved 1048576K
}
Event: 34.327 GC heap before
{Heap before GC invocations=27 (full 0):
 garbage-first heap   total 70656K, used 54537K [0x00000000c1600000, 0x0000000100000000)
  region size 1024K, 21 young (21504K), 1 survivors (1024K)
 Metaspace       used 74679K, committed 75200K, reserved 1114112K
  class space    used 10429K, committed 10688K, reserved 1048576K
}
Event: 34.334 GC heap after
{Heap after GC invocations=28 (full 0):
 garbage-first heap   total 70656K, used 36014K [0x00000000c1600000, 0x0000000100000000)
  region size 1024K, 2 young (2048K), 2 survivors (2048K)
 Metaspace       used 74679K, committed 75200K, reserved 1114112K
  class space    used 10429K, committed 10688K, reserved 1048576K
}
Event: 35.038 GC heap before
{Heap before GC invocations=29 (full 0):
 garbage-first heap   total 70656K, used 56494K [0x00000000c1600000, 0x0000000100000000)
  region size 1024K, 22 young (22528K), 2 survivors (2048K)
 Metaspace       used 75907K, committed 76544K, reserved 1179648K
  class space    used 10569K, committed 10880K, reserved 1048576K
}
Event: 35.044 GC heap after
{Heap after GC invocations=30 (full 0):
 garbage-first heap   total 70656K, used 36998K [0x00000000c1600000, 0x0000000100000000)
  region size 1024K, 3 young (3072K), 3 survivors (3072K)
 Metaspace       used 75907K, committed 76544K, reserved 1179648K
  class space    used 10569K, committed 10880K, reserved 1048576K
}
Event: 35.070 GC heap before
{Heap before GC invocations=30 (full 0):
 garbage-first heap   total 70656K, used 38022K [0x00000000c1600000, 0x0000000100000000)
  region size 1024K, 4 young (4096K), 3 survivors (3072K)
 Metaspace       used 75936K, committed 76544K, reserved 1179648K
  class space    used 10571K, committed 10880K, reserved 1048576K
}
Event: 35.077 GC heap after
{Heap after GC invocations=31 (full 0):
 garbage-first heap   total 70656K, used 37089K [0x00000000c1600000, 0x0000000100000000)
  region size 1024K, 1 young (1024K), 1 survivors (1024K)
 Metaspace       used 75936K, committed 76544K, reserved 1179648K
  class space    used 10571K, committed 10880K, reserved 1048576K
}
Event: 36.022 GC heap before
{Heap before GC invocations=31 (full 0):
 garbage-first heap   total 70656K, used 57569K [0x00000000c1600000, 0x0000000100000000)
  region size 1024K, 21 young (21504K), 1 survivors (1024K)
 Metaspace       used 77823K, committed 78400K, reserved 1179648K
  class space    used 10812K, committed 11072K, reserved 1048576K
}

